ab
ac
ad
ae
af
ag
ah
ai
aj
ak
al
am
an
ao
ap
aq
ar
as
at
au
av
aw
az
ay
ax
bc
bd
be
bf
bg
bh
bi
bj
bk
bl
bm
bn
bo
bp
bq
br
bs
bt
bu
bv
bw
bz
by
bx
cd
ce
cf
cg
ch
ci
cj
ck
cl
cm
cn
co
cp
cq
cr
cs
ct
cu
cv
cw
cz
cy
cx
de
df
dg
dh
di
dj
dk
dl
dm
dn
do
dp
dq
dr
ds
dt
du
dv
dw
dz
dy
dx
ef
eg
eh
ei
ej
ek
el
em
en
eo
ep
eq
er
es
et
eu
ev
ew
ez
ey
ex
fg
fh
fi
fj
fk
fl
fm
fn
fo
fp
fq
fr
fs
ft
fu
fv
fw
fz
fy
fx
gh
gi
gj
gk
gl
gm
gn
go
gp
gq
gr
gs
gt
gu
gv
gw
gz
gy
gx
hi
hj
hk
hl
hm
hn
ho
hp
hq
hr
hs
ht
hu
hv
hw
hz
hy
hx
ij
ik
il
im
in
io
ip
iq
ir
is
it
iu
iv
iw
iz
iy
ix
jk
jl
jm
jn
jo
jp
jq
jr
js
jt
ju
jv
jw
jz
jy
jx
kl
km
kn
ko
kp
kq
kr
ks
kt
ku
kv
kw
kz
ky
kx
lm
ln
lo
lp
lq
lr
ls
lt
lu
lv
lw
lz
ly
lx
mn
mo
mp
mq
mr
ms
mt
mu
mv
mw
mz
my
mx
no
np
nq
nr
ns
nt
nu
nv
nw
nz
ny
nx
op
oq
or
os
ot
ou
ov
ow
oz
oy
ox
pq
pr
ps
pt
pu
pv
pw
pz
py
px
qr
qs
qt
qu
qv
qw
qz
qy
qx
rs
rt
ru
rv
rw
rz
ry
rx
st
su
sv
sw
sz
sy
sx
tu
tv
tw
tz
ty
tx
uv
uw
uz
uy
ux
vw
vz
vy
vx
wz
wy
wx
zy
zx
yx
