126199 9974811
166357 9934653
215329 9885681
321757 9779253
392389 9708621
432007 9669003
741709 9359301
797869 9303141
952507 9148503
999499 9101511
1037857 9063153
1118569 8982441
1253689 8847321
1371079 8729931
1458607 8642403
1558099 8542911
1865299 8235711
1994659 8106351
2285929 7815081
2364799 7736211
2423689 7677321
2470639 7630371
2521339 7579671
2810539 7290471
2890507 7210503
3250459 6850551
3394057 6706953
3597589 6503421
3858199 6242811
3928669 6172341
4261357 5839653
4366819 5734191
4528219 5572791
4568209 5532801
4584829 5516181
4598107 5502903
4716889 5384121
4860307 5240703
4937719 5163291
5112949 4988061
5254069 4846941
5411557 4689453
5545339 4555671
5581489 4519521
5608507 4492503
5700949 4400061
5903257 4197753
5946607 4154403
5972509 4128501
6106459 3994551
6131857 3969153
6176809 3924201
6274249 3826761
6449257 3651753
6559219 3541791
6609607 3491403
6817807 3283203
6820369 3280641
6858679 3242331
6871399 3229611
6969757 3131253
7009669 3091341
7091179 3009831
7118107 2982903
7169179 2931831
7215007 2886003
7227007 2874003
7284259 2816751
7441039 2659971
7452559 2648451
7461757 2639253
7577629 2523381
7595569 2505441
7651219 2449791
7909639 2191371
7932607 2168403
7965799 2135211
7984357 2116653
8127919 1973091
8222119 1878891
8224057 1876953
8330989 1770021
8420149 1680861
8432959 1668051
8442079 1658931
8485507 1615503
8492689 1608321
8519479 1581531
8554849 1546161
8582857 1518153
8619229 1481781
8700709 1400301
8719057 1381953
8725699 1375311
8733979 1367031
8758669 1342341
8760307 1340703
8784757 1316253
8792857 1308153
8874049 1226961
8888107 1212903
9002107 1098903
9008029 1092981
9033019 1067991
9038857 1062153
9060607 1040403
9123109 977901
9226507 874503
9254059 846951
9273469 827541
9279889 821121
9354979 746031
9472129 628881
9562807 538203
9614419 486591
9657799 443211
9690139 410871
9712489 388521
9753649 347361
9770119 330891
9782209 318801
9794857 306153
9811069 289941
9828319 272691
9837109 263901
9846469 254541
9878899 222111
9894607 206403
9943369 157641
9945049 155961
9965029 135981
9982669 118341
9998179 102831
10015519 85491
10057939 43071
10065499 35511
10067857 33153
10084357 16653
10087807 13203
10090999 10011
10098007 3003
10099057 1953
10100107 903
10100449 561
10100659 351
