1187279 1233380611
5355737 1229212153
7140059 1227427831
9517139 1225050751
10556387 1224011503
11298437 1223269453
14264387 1220303503
16486487 1218081403
18410669 1216157221
19446137 1215121753
21367979 1213199911
21959009 1212608881
24174089 1210393801
27124379 1207443511
27271799 1207296091
27861389 1206706501
34925237 1199642653
35366039 1199201851
36100529 1198467361
37128437 1197439453
37862387 1196705503
39622949 1194944941
46652237 1187915653
47821769 1186746121
55846709 1178721181
56429279 1178138611
62973269 1171594621
64570139 1169997751
65150549 1169417341
72827387 1161740503
83647637 1150920253
84798809 1149769081
88392509 1146175381
88966979 1145600911
92267387 1142300503
93987449 1140580441
96994439 1137573451
99711629 1134856261
104851079 1129716811
107701289 1126866601
112254137 1122313753
117932237 1116635653
120341069 1114226821
123595937 1110971953
132064487 1102503403
132768737 1101799153
139518089 1095049801
140500637 1094067253
147226229 1087341661
151279559 1083288331
155185937 1079381953
158946119 1075621771
161171279 1073396611
163532987 1071034903
170187299 1064380591
177372737 1057195153
178476029 1056091861
187281629 1047286261
187693487 1046874403
190025819 1044542071
199738619 1034829271
202057487 1032510403
203011559 1031556331
213341669 1021226221
217269719 1017298171
225776987 1008790903
227528009 1007039881
232771949 1001795941
232906229 1001661661
236528387 998039503
240277769 994290121
244153619 990414271
250552187 984015703
258918839 975649051
261170387 973397503
264873149 969694741
269096237 965471653
269491679 965076211
270018809 964549081
275939099 958628791
276333137 958234753
280531169 954036721
280662209 953905681
285242939 949324951
285765749 948802141
286419059 948148831
287463887 947104003
289421387 945146503
294631487 939936403
297880487 936687403
302030999 932536891
303455609 931112281
306043019 928524871
306689309 927878581
308239487 926328403
309272219 925295671
313783649 920784241
327123989 907443901
331336637 903231253
333884987 900682903
342522449 892045441
347583869 886984021
348089219 886478671
349478189 885089701
349982999 884584891
362681729 871886161
363182759 871385131
365185439 869382451
366060887 868507003
371054987 863512903
373546637 861021253
375661709 858906181
377525789 857042101
386939339 847628551
388420937 846146953
392365529 842202361
397406069 837161821
399246389 835321501
404755199 829812691
405610487 828957403
407685779 826882111
408051737 826516153
410123969 824443921
412071929 822495961
412923437 821644453
418386887 816181003
419235119 815332771
422260919 812306971
425643137 808924753
428054687 806513203
434667887 799900003
435267737 799300153
443880629 790687261
444834737 789733153
445669109 788898781
450547289 784020601
452328209 782239681
458131769 776436121
459077237 775490653
462381839 772186051
467560529 767007361
467912987 766654903
468500237 766067653
468852479 765715411
471784679 762783211
483922259 750645631
484270937 750296953
487985129 746582761
492152579 742415311
494924399 739643491
496423637 738144253
497230289 737337601
501831269 732736621
508248449 726319441
511902737 722665153
517025987 717541903
517821299 716746591
519297137 715270753
520204589 714363301
524620169 709947721
525185279 709382611
530035937 704531953
531949049 702618841
533185559 701382331
535094387 699473503
540917009 693650881
542145599 692422291
544822379 689745511
545379389 689188501
550715237 683852653
552045959 682521931
561214637 673353253
562645079 671922811
564732989 669834901
575668439 658899451
576212849 658355041
579257387 655310503
580017419 654550471
581752979 652814911
583053137 651514753
590073137 644494753
593085419 641482471
596519387 638048503
597804749 636763141
599944139 634623751
603679409 630888481
606659687 627908203
611752319 622815571
612175769 622392121
612281609 622286281
612704879 621863011
614819069 619748821
616929659 617638231
618088949 616478941
619352387 615215503
627010379 607557511
630352187 604215703
635347619 599220271
638148437 596419453
640735937 593831953
641046059 593521831
642285737 592282153
644348987 590218903
647231489 587336401
651849299 582718591
652565987 582001903
655428329 579139561
655938719 578629171
658690937 575876953
659505149 575062741
661538159 573029731
662045849 572522041
672152399 562415491
672856487 561711403
676871387 557696503
678573359 555994531
679673249 554894641
684161459 550406431
686150369 548417521
686845637 547722253
688036499 546531391
689622299 544945591
694760237 539807653
695942459 538625431
697516739 537051151
698008229 536559661
699971939 534595951
702323639 532244251
703106387 531461503
706231619 528336271
708472187 526095703
709639289 524928601
715455359 519112531
715938569 518629321
719411039 515156851
719796149 514771741
728900189 505667701
735840737 498727153
738868049 495699841
741791969 492775921
743673779 490894111
745927199 488640691
746677187 487890703
752283737 482284153
753866369 480701521
754889039 479678851
757209239 477358651
758968829 475599061
762017237 472550653
771834059 462733831
772563887 462004003
776658437 457909453
778019237 456548653
779559029 455008861
781367219 453200671
789549029 445018861
789996419 444571471
790622387 443945503
793478339 441089551
794635937 439931953
795347549 439220341
804809987 429757903
809458829 425109061
812253437 422314453
814256369 420311521
814691159 419876731
819891089 414676801
823339709 411228181
831898259 402669631
834193637 400374253
839017889 395550001
840703679 393864211
843057737 391510153
844315937 390251953
847076849 387491041
847661237 386906653
848662019 385905871
849744737 384823153
850742819 383825071
853646489 380921401
854970209 379597681
855300779 379267111
858680819 375887071
862291349 372276541
862536887 372031003
864824669 369743221
866780009 367787881
867836987 366730903
868486679 366081211
873341009 361226881
873905237 360662653
875916737 358651153
876157739 358410151
878082839 356485051
881359559 353208331
886444199 348123691
886681637 347886253
888657137 345910753
891413387 343154503
892748159 341819731
897671987 336895903
899848889 334719001
903641489 330926401
908485937 326081953
908868887 325699003
909787049 324780841
910932929 323634961
911009249 323558641
912457619 322110271
912838229 321729661
914965487 319602403
917010089 317557801
918897389 315670501
919726019 314841871
921605219 312962671
925719659 308848231
927209069 307358821
929065769 305502121
930177089 304390801
932909687 301658203
936363059 298204831
937899629 296668261
938410937 296156953
939359339 295208551
947682809 286885081
948041999 286525891
949476509 285091381
950335487 284232403
952833437 281734453
956241269 278326621
956524319 278043571
959417279 275150611
959698709 274869181
964670129 269897761
965853737 268714153
969181649 265386241
970010387 264557503
972763487 261804403
974682089 259885801
977342669 257225221
977682779 256885111
985443209 249124681
986780699 247787191
988647137 245920753
989179109 245388781
989776889 244791001
990506519 244061371
990771569 243796321
992622887 241945003
993480029 241087861
997416359 237151531
1002614399 231953491
1003840469 230727421
1004870429 229697461
1005191819 229376071
1008712259 225855631
1009476737 225091153
1009794887 224773003
1010747987 223819903
1011825719 222742171
1014036389 220531501
1015796987 218770903
1017862919 216704971
1019110229 215457661
1022768819 211799071
1022830559 211737331
1026028637 208539253
1029202379 205365511
1029384737 205183153
1031627159 202940731
1033315937 201251953
1036194569 198373321
1038518189 196049701
1040177987 194389903
1040946209 193621681
1042360469 192207421
1043300429 191267461
1044472139 190095751
1047907709 186660181
1050506999 184060891
1051369379 183198511
1051426799 183141091
1051828487 182739403
1054571039 179996851
1055537387 179030503
1055707649 178860241
1058927237 175640653
1059095879 175472011
1060049987 174517903
1063396637 171171253
1063840409 170727481
1065333887 169234003
1069066169 165501721
1070373509 164194381
1071729809 162838081
1071892187 162675703
1075390487 159177403
1076192387 158375503
1077258437 157309453
1078744859 155823031
1079009549 155558341
1080066059 154501831
1080698237 153869653
1081066409 153501481
1083161789 151406101
1084464089 150103801
1086690887 147877003
1089003437 145564453
1089361529 145206361
1090382219 144185671
1093825637 140742253
1095081137 139486753
1096081487 138486403
1098467639 136100251
1100046887 134521003
1102007987 132559903
1102593509 131974381
1104342299 130225591
1104680987 129886903
1105067519 129500371
1107183149 127384741
1109091329 125476561
1111362137 123205753
1113472187 121095703
1115656559 118911331
1117545839 117022051
1121865299 112702591
1122045389 112522501
1123301987 111265903
1124551529 110016361
1125084887 109483003
1125439739 109128151
1127951387 106616503
1129130909 105436981
1129174469 105393421
1131556409 103011481
1132415819 102152071
1133485019 101082871
1135141739 99426151
1135986029 98581861
1138205987 96361903
1138330889 96237001
1139368589 95199301
1139658137 94909753
1140153479 94414411
1140976169 93591721
1141836119 92731771
1142121887 92446003
1142814059 91753831
1143422639 91145251
1143948437 90619453
1145836709 88731181
1146355487 88212403
1146952187 87615703
1152615887 81952003
1152884519 81683371
1154411099 80156791
1154904137 79663753
1156223987 78343903
1156524119 78043771
1157159987 77407903
1157458319 77109571
1158756749 75811141
1159199387 75368503
1160556029 74011861
1161393137 73174753
1163840219 70727671
1164267737 70300153
1164445487 70122403
1164552029 70015861
1165436729 69131161
1165683437 68884453
1166140439 68427451
1166560937 68006953
1169159687 65408203
1171472129 63095761
1172043737 62524153
1172545937 62021953
1172946239 61621651
1173643649 60924241
1173776039 60791851
1176004637 58563253
1176101999 58465891
1177296137 57271753
1177552709 57015181
1178573237 55994653
1179206387 55361503
1179458639 55109251
1180086749 54481141
1180211939 54355951
1180555469 54012421
1180680119 53887771
1182929687 51638203
1184952149 49615741
1185339887 49228003
1185429149 49138741
1186376237 48191653
1186963487 47604403
1188040409 46527481
1188617399 45950491
1188933209 45634681
1190636639 43931251
1191113387 43454503
1193539679 41028211
1194189299 40378591
1194485309 40082581
1195552529 39015361
1196317259 38250631
1197437237 37130653
1198157579 36410311
1199174399 35393491
1200276269 34291621
1200796019 33771871
1201091237 33476653
1201262849 33305041
1202835329 31732561
1204625699 29942191
1206160937 28406953
1207235969 27331921
1208485637 26082253
1209088799 25479091
1210752539 23815351
1211897879 22670011
1212539687 22028203
1212698699 21869191
1214046269 20521621
1215757979 18809911
1216702637 17865253
1216845809 17722081
1217148137 17419753
1217901239 16666651
1218450887 16117003
1218535937 16031953
1218671549 15896341
1218739139 15828751
1219074929 15492961
1219538987 15028903
1219670279 14897611
1219735709 14832181
1219995989 14571901
1220189687 14378203
1220620769 13947121
1221370937 13196953
1223112599 11455291
1224341387 10226503
1224982259 9585631
1225487699 9080191
1225741589 8826301
1226189519 8378371
1226238569 8329321
1226733029 7834861
1226815937 7751953
1226910149 7657741
1227474629 7093261
1227698819 6869071
1227787487 6780403
1228381487 6186403
1228465619 6102271
1228673429 5894461
1229127839 5440051
1229770637 4797253
1229844689 4723201
1230241679 4326211
1230285689 4282201
1230485237 4082653
1230696737 3871153
1230754949 3812941
1230918839 3649051
1231087049 3480841
1231181387 3386503
1231426619 3141271
1231449137 3118753
1231545779 3022111
1231575209 2992681
1231597187 2970703
1231972109 2595781
1232073629 2494261
1232205839 2362051
1232231849 2336041
1232366039 2201851
1232409887 2158003
1232767637 1800253
1232988137 1579753
1233014687 1553203
1233030509 1537381
1233646487 921403
1233775979 791911
1233863999 703891
1233986309 581581
1234046159 521731
1234108529 459361
1234213829 354061
1234307609 260281
1234401137 166753
1234469987 97903
1234526849 41041
1234535759 32131
1234547387 20503
1234551959 15931
1234567799 91
